Forced re-optimization of dependencies

  VITE v5.4.21  ready in 211 ms

  ➜  Local:   http://localhost:9041/
  ➜  Network: http://10.19.49.22:9041/
[vite:css] @import must precede all other statements (besides @charset or empty @layer)
4  |  
5  |  /* LSL Step 5 — STYLES -> preset:tower-dark */
6  |  @import './tower-dark.css';
   |  ^^^^^^^^^^^^^^^^^^^^^^^^^^^
7  |  
8  |  /* Glide Data Grid canvas needs explicit dimensions */
3:16:52 PM [vite] ws proxy socket error:
Error: write EPIPE
    at afterWriteDispatched (node:internal/stream_base_commons:161:15)
    at writeGeneric (node:internal/stream_base_commons:152:3)
    at Socket._writeGeneric (node:net:953:11)
    at Socket._write (node:net:965:8)
    at writeOrBuffer (node:internal/streams/writable:564:12)
    at _write (node:internal/streams/writable:493:10)
    at Writable.write (node:internal/streams/writable:502:10)
    at Socket.ondata (node:internal/streams/readable:1007:22)
    at Socket.emit (node:events:520:28)
    at Readable.read (node:internal/streams/readable:780:10)
    at Socket.read (node:net:772:39)
    at flow (node:internal/streams/readable:1281:53)
    at emitReadable_ (node:internal/streams/readable:845:3)
    at process.processTicksAndRejections (node:internal/process/task_queues:81:21)
3:16:57 PM [vite] ws proxy socket error:
Error: write EPIPE
    at afterWriteDispatched (node:internal/stream_base_commons:161:15)
    at writeGeneric (node:internal/stream_base_commons:152:3)
    at Socket._writeGeneric (node:net:953:11)
    at Socket._write (node:net:965:8)
    at writeOrBuffer (node:internal/streams/writable:564:12)
    at _write (node:internal/streams/writable:493:10)
    at Writable.write (node:internal/streams/writable:502:10)
    at Socket.ondata (node:internal/streams/readable:1007:22)
    at Socket.emit (node:events:520:28)
    at Readable.read (node:internal/streams/readable:780:10)
    at Socket.read (node:net:772:39)
    at flow (node:internal/streams/readable:1281:53)
    at emitReadable_ (node:internal/streams/readable:845:3)
    at process.processTicksAndRejections (node:internal/process/task_queues:81:21)
3:18:17 PM [vite] hmr update /src/styles/globals.css
